<?xml version="1.0" encoding="UTF-8"?>
<!-- Generated by org.testng.reporters.JUnitXMLReporter -->
<testsuite hostname="admin-PC" ignored="0" name="Delete Account" tests="5" failures="0" timestamp="2019-10-18T07:16:37 EEST" time="59.977" errors="0">
  <testcase name="deleteCustomerTest" time="11.523" classname="bankManager.testcases.DeleteCustomerTest"/>
  <testcase name="deleteCustomerTest" time="10.514" classname="bankManager.testcases.DeleteCustomerTest"/>
  <testcase name="deleteCustomerTest" time="10.447" classname="bankManager.testcases.DeleteCustomerTest"/>
  <testcase name="deleteCustomerTest" time="10.453" classname="bankManager.testcases.DeleteCustomerTest"/>
  <testcase name="deleteCustomerTest" time="10.472" classname="bankManager.testcases.DeleteCustomerTest"/>
</testsuite> <!-- Delete Account -->
