<?xml version="1.0" encoding="UTF-8"?>
<!-- Generated by org.testng.reporters.JUnitXMLReporter -->
<testsuite hostname="admin-PC" ignored="0" name="Delete Account" tests="5" failures="0" timestamp="2019-10-30T02:48:48 EET" time="50.228" errors="0">
  <testcase name="deleteCustomerTest" time="11.701" classname="bankManager.testcases.DeleteCustomerTest"/>
  <testcase name="deleteCustomerTest" time="10.488" classname="bankManager.testcases.DeleteCustomerTest"/>
  <testcase name="deleteCustomerTest" time="0.03" classname="bankManager.testcases.DeleteCustomerTest">
    <skipped/>
  </testcase> <!-- deleteCustomerTest -->
  <testcase name="deleteCustomerTest" time="10.478" classname="bankManager.testcases.DeleteCustomerTest"/>
  <testcase name="deleteCustomerTest" time="10.473" classname="bankManager.testcases.DeleteCustomerTest"/>
</testsuite> <!-- Delete Account -->
