<?xml version="1.0" encoding="UTF-8"?>
<!-- Generated by org.testng.reporters.JUnitXMLReporter -->
<testsuite hostname="admin-PC" ignored="0" name="Test" tests="3" failures="0" timestamp="2019-10-30T03:21:53 EET" time="10.347" errors="0">
  <testcase name="addCustomerTest" time="0.083" classname="bankManager.testcases.AddCustomerTest">
    <skipped/>
  </testcase> <!-- addCustomerTest -->
  <testcase name="addCustomerTest" time="0.067" classname="bankManager.testcases.AddCustomerTest">
    <skipped/>
  </testcase> <!-- addCustomerTest -->
  <testcase name="addCustomerTest" time="0.085" classname="bankManager.testcases.AddCustomerTest">
    <skipped/>
  </testcase> <!-- addCustomerTest -->
</testsuite> <!-- Test -->
