<?xml version="1.0" encoding="UTF-8"?>
<!-- Generated by org.testng.reporters.JUnitXMLReporter -->
<testsuite hostname="admin-PC" ignored="0" name="Customer Login Test" tests="2" failures="0" timestamp="2019-10-15T22:58:32 EEST" time="7.538" errors="0">
  <testcase name="customerLoginTest" time="0.042" classname="customer.testcases.CustomerLoginTest">
    <skipped/>
  </testcase> <!-- customerLoginTest -->
  <testcase name="customerLoginTest" time="1.267" classname="customer.testcases.CustomerLoginTest"/>
</testsuite> <!-- Customer Login Test -->
