<?xml version="1.0" encoding="UTF-8"?>
<!-- Generated by org.testng.reporters.JUnitXMLReporter -->
<testsuite hostname="admin-PC" ignored="0" name="Customer Login Test" tests="2" failures="0" timestamp="2019-10-30T00:59:15 EET" time="7.709" errors="0">
  <testcase name="customerLoginTest" time="0.03" classname="customer.testcases.CustomerLoginTest">
    <skipped/>
  </testcase> <!-- customerLoginTest -->
  <testcase name="customerLoginTest" time="0.031" classname="customer.testcases.CustomerLoginTest">
    <skipped/>
  </testcase> <!-- customerLoginTest -->
</testsuite> <!-- Customer Login Test -->
