<?xml version="1.0" encoding="UTF-8"?>
<!-- Generated by org.testng.reporters.JUnitXMLReporter -->
<testsuite hostname="admin-PC" ignored="0" name="Customer Deposit Test" tests="5" failures="0" timestamp="2019-10-15T22:58:43 EEST" time="11.019" errors="0">
  <testcase name="depositTest" time="1.635" classname="customer.testcases.DepositTest"/>
  <testcase name="depositTest" time="0.677" classname="customer.testcases.DepositTest"/>
  <testcase name="depositTest" time="0.78" classname="customer.testcases.DepositTest"/>
  <testcase name="depositTest" time="0.668" classname="customer.testcases.DepositTest"/>
  <testcase name="depositTest" time="0.865" classname="customer.testcases.DepositTest"/>
</testsuite> <!-- Customer Deposit Test -->
