<?xml version="1.0" encoding="UTF-8"?>
<!-- Generated by org.testng.reporters.JUnitXMLReporter -->
<testsuite hostname="admin-PC" ignored="0" name="Customer Deposit Test" tests="5" failures="0" timestamp="2019-10-30T00:59:24 EET" time="8.556" errors="0">
  <testcase name="depositTest" time="0.044" classname="customer.testcases.DepositTest">
    <skipped/>
  </testcase> <!-- depositTest -->
  <testcase name="depositTest" time="0.029" classname="customer.testcases.DepositTest">
    <skipped/>
  </testcase> <!-- depositTest -->
  <testcase name="depositTest" time="0.018" classname="customer.testcases.DepositTest">
    <skipped/>
  </testcase> <!-- depositTest -->
  <testcase name="depositTest" time="0.047" classname="customer.testcases.DepositTest">
    <skipped/>
  </testcase> <!-- depositTest -->
  <testcase name="depositTest" time="0.029" classname="customer.testcases.DepositTest">
    <skipped/>
  </testcase> <!-- depositTest -->
</testsuite> <!-- Customer Deposit Test -->
