<?xml version="1.0" encoding="UTF-8"?>
<!-- Generated by org.testng.reporters.JUnitXMLReporter -->
<testsuite hostname="admin-PC" ignored="0" name="Add customer" tests="3" failures="0" timestamp="2019-10-13T10:27:54 EEST" time="9.57" errors="0">
  <testcase name="addCustomerTest" time="1.706" classname="bankManager.testcases.AddCustomerTest"/>
  <testcase name="addCustomerTest" time="0.091" classname="bankManager.testcases.AddCustomerTest">
    <skipped/>
  </testcase> <!-- addCustomerTest -->
  <testcase name="addCustomerTest" time="0.933" classname="bankManager.testcases.AddCustomerTest"/>
</testsuite> <!-- Add customer -->
