<?xml version="1.0" encoding="UTF-8"?>
<!-- Generated by org.testng.reporters.JUnitXMLReporter -->
<testsuite hostname="admin-PC" ignored="0" name="Open Account" tests="5" failures="0" timestamp="2019-10-13T10:28:06 EEST" time="11.161" errors="0">
  <testcase name="openAccountTest" time="1.51" classname="bankManager.testcases.OpenAccountTest"/>
  <testcase name="openAccountTest" time="0.724" classname="bankManager.testcases.OpenAccountTest"/>
  <testcase name="openAccountTest" time="0.715" classname="bankManager.testcases.OpenAccountTest"/>
  <testcase name="openAccountTest" time="0.879" classname="bankManager.testcases.OpenAccountTest"/>
  <testcase name="openAccountTest" time="0.793" classname="bankManager.testcases.OpenAccountTest"/>
</testsuite> <!-- Open Account -->
