<?xml version="1.0" encoding="UTF-8"?>
<testsuite name="Delete Account"
           tests="5"
           failures="0"
           errors="0"
           skipped="0"
           time="53,409">
  <properties />
  
  
            <testcase name="deleteCustomerTest" time="10,514" classname="bankManager.testcases.DeleteCustomerTest" />
                <testcase name="deleteCustomerTest" time="11,523" classname="bankManager.testcases.DeleteCustomerTest" />
                <testcase name="deleteCustomerTest" time="10,453" classname="bankManager.testcases.DeleteCustomerTest" />
                <testcase name="deleteCustomerTest" time="10,447" classname="bankManager.testcases.DeleteCustomerTest" />
                <testcase name="deleteCustomerTest" time="10,472" classname="bankManager.testcases.DeleteCustomerTest" />
      
</testsuite>
