<?xml version="1.0" encoding="UTF-8"?>
<testsuite name="Test"
           tests="3"
           failures="0"
           errors="0"
           skipped="3"
           time="0,235">
  <properties />
  
            <testcase name="addCustomerTest" time="0.0" classname="bankManager.testcases.AddCustomerTest">
          <skipped />
    </testcase>
            <testcase name="addCustomerTest" time="0.0" classname="bankManager.testcases.AddCustomerTest">
          <skipped />
    </testcase>
            <testcase name="addCustomerTest" time="0.0" classname="bankManager.testcases.AddCustomerTest">
          <skipped />
    </testcase>
  
  
</testsuite>
