<?xml version="1.0" encoding="UTF-8"?>
<testsuite name="Delete Account"
           tests="5"
           failures="0"
           errors="0"
           skipped="1"
           time="43,170">
  <properties />
  
            <testcase name="deleteCustomerTest" time="0.0" classname="bankManager.testcases.DeleteCustomerTest">
          <skipped />
    </testcase>
  
            <testcase name="deleteCustomerTest" time="11,701" classname="bankManager.testcases.DeleteCustomerTest" />
                <testcase name="deleteCustomerTest" time="10,488" classname="bankManager.testcases.DeleteCustomerTest" />
                <testcase name="deleteCustomerTest" time="10,478" classname="bankManager.testcases.DeleteCustomerTest" />
                <testcase name="deleteCustomerTest" time="10,473" classname="bankManager.testcases.DeleteCustomerTest" />
      
</testsuite>
