<?xml version="1.0" encoding="UTF-8"?>
<testsuite name="Customer Login Test"
           tests="2"
           failures="0"
           errors="0"
           skipped="2"
           time="0,061">
  <properties />
  
            <testcase name="customerLoginTest" time="0.0" classname="customer.testcases.CustomerLoginTest">
          <skipped />
    </testcase>
            <testcase name="customerLoginTest" time="0.0" classname="customer.testcases.CustomerLoginTest">
          <skipped />
    </testcase>
  
  
</testsuite>
