<?xml version="1.0" encoding="UTF-8"?>
<testsuite name="Customer Deposit Test"
           tests="5"
           failures="0"
           errors="0"
           skipped="5"
           time="0,167">
  <properties />
  
            <testcase name="depositTest" time="0.0" classname="customer.testcases.DepositTest">
          <skipped />
    </testcase>
            <testcase name="depositTest" time="0.0" classname="customer.testcases.DepositTest">
          <skipped />
    </testcase>
            <testcase name="depositTest" time="0.0" classname="customer.testcases.DepositTest">
          <skipped />
    </testcase>
            <testcase name="depositTest" time="0.0" classname="customer.testcases.DepositTest">
          <skipped />
    </testcase>
            <testcase name="depositTest" time="0.0" classname="customer.testcases.DepositTest">
          <skipped />
    </testcase>
  
  
</testsuite>
