<?xml version="1.0" encoding="UTF-8"?>
<testsuite name="Add customer"
           tests="5"
           failures="1"
           errors="0"
           skipped="4"
           time="-1570820163,306">
  <properties />
            <testcase name="setUp" time="0,000" classname="testcases.AddCustomerTest">
                <failure type="java.lang.NullPointerException"
                  message="(null)"
              >
<![CDATA[java.lang.NullPointerException
  java.util.Objects.requireNonNull(Unknown Source)
  org.openqa.selenium.support.ui.FluentWait.<init>(FluentWait.java:106)
  org.openqa.selenium.support.ui.WebDriverWait.<init>(WebDriverWait.java:85)
  org.openqa.selenium.support.ui.WebDriverWait.<init>(WebDriverWait.java:45)
  base.testBase.setUp(testBase.java:49)
  sun.reflect.NativeMethodAccessorImpl.invoke0(Native Method)
  sun.reflect.NativeMethodAccessorImpl.invoke(Unknown Source)
  sun.reflect.DelegatingMethodAccessorImpl.invoke(Unknown Source)
  java.lang.reflect.Method.invoke(Unknown Source)
  org.testng.internal.MethodInvocationHelper.invokeMethod(MethodInvocationHelper.java:133)
  org.testng.internal.MethodInvocationHelper.invokeMethodConsideringTimeout(MethodInvocationHelper.java:62)
  org.testng.internal.ConfigInvoker.invokeConfigurationMethod(ConfigInvoker.java:340)
  org.testng.internal.ConfigInvoker.invokeConfigurations(ConfigInvoker.java:294)
  org.testng.TestRunner.invokeTestConfigurations(TestRunner.java:623)
  org.testng.TestRunner.beforeRun(TestRunner.java:613)
  org.testng.TestRunner.run(TestRunner.java:584)
  org.testng.SuiteRunner.runTest(SuiteRunner.java:402)
  org.testng.SuiteRunner.runSequentially(SuiteRunner.java:396)
  org.testng.SuiteRunner.privateRun(SuiteRunner.java:355)
  org.testng.SuiteRunner.run(SuiteRunner.java:304)
  org.testng.SuiteRunnerWorker.runSuite(SuiteRunnerWorker.java:53)
  org.testng.SuiteRunnerWorker.run(SuiteRunnerWorker.java:96)
  org.testng.TestNG.runSuitesSequentially(TestNG.java:1180)
  org.testng.TestNG.runSuitesLocally(TestNG.java:1102)
  org.testng.TestNG.runSuites(TestNG.java:1032)
  org.testng.TestNG.run(TestNG.java:1000)
  org.testng.remote.AbstractRemoteTestNG.run(AbstractRemoteTestNG.java:115)
  org.testng.remote.RemoteTestNG.initAndRun(RemoteTestNG.java:251)
  org.testng.remote.RemoteTestNG.main(RemoteTestNG.java:77)
]]>
      </failure>

          </testcase>
  
            <testcase name="tearDown" time="0.0" classname="testcases.AddCustomerTest">
          <skipped />
    </testcase>
            <testcase name="addCustomerTest" time="0.0" classname="testcases.AddCustomerTest">
          <skipped />
    </testcase>
            <testcase name="addCustomerTest" time="0.0" classname="testcases.AddCustomerTest">
          <skipped />
    </testcase>
            <testcase name="addCustomerTest" time="0.0" classname="testcases.AddCustomerTest">
          <skipped />
    </testcase>
  
  
</testsuite>
